# JRE version: OpenJDK Runtime Environment Microsoft-7208460 (11.0.18+10) (build 11.0.18+10-LTS)
# Java VM: OpenJDK 64-Bit Server VM Microsoft-7208460 (11.0.18+10-LTS, mixed mode, tiered, compressed oops, g1 gc, windows-amd64)
Heap:
 garbage-first heap   total 397312K, used 85913K [0x0000000700a00000, 0x0000000800000000)
  region size 1024K, 11 young (11264K), 11 survivors (11264K)
 Metaspace       used 82426K, capacity 83386K, committed 83712K, reserved 1124352K
  class space    used 8760K, capacity 9119K, committed 9216K, reserved 1048576K
GC Heap History (17 events):
Event: 0.480 GC heap before
{Heap before GC invocations=0 (full 0):
 garbage-first heap   total 262144K, used 28672K [0x0000000700a00000, 0x0000000800000000)
  region size 1024K, 24 young (24576K), 0 survivors (0K)
 Metaspace       used 12180K, capacity 12286K, committed 12416K, reserved 1060864K
  class space    used 1081K, capacity 1113K, committed 1152K, reserved 1048576K
}
Event: 0.483 GC heap after
{Heap after GC invocations=1 (full 0):
 garbage-first heap   total 262144K, used 7349K [0x0000000700a00000, 0x0000000800000000)
  region size 1024K, 3 young (3072K), 3 survivors (3072K)
 Metaspace       used 12180K, capacity 12286K, committed 12416K, reserved 1060864K
  class space    used 1081K, capacity 1113K, committed 1152K, reserved 1048576K
}
Event: 1.031 GC heap before
{Heap before GC invocations=1 (full 0):
 garbage-first heap   total 262144K, used 45237K [0x0000000700a00000, 0x0000000800000000)
  region size 1024K, 41 young (41984K), 3 survivors (3072K)
 Metaspace       used 20909K, capacity 21181K, committed 21248K, reserved 1069056K
  class space    used 2198K, capacity 2295K, committed 2304K, reserved 1048576K
}
Event: 1.037 GC heap after
{Heap after GC invocations=2 (full 0):
 garbage-first heap   total 262144K, used 11039K [0x0000000700a00000, 0x0000000800000000)
  region size 1024K, 7 young (7168K), 7 survivors (7168K)
 Metaspace       used 20909K, capacity 21181K, committed 21248K, reserved 1069056K
  class space    used 2198K, capacity 2295K, committed 2304K, reserved 1048576K
}
Event: 1.725 GC heap before
{Heap before GC invocations=3 (full 0):
 garbage-first heap   total 262144K, used 71455K [0x0000000700a00000, 0x0000000800000000)
  region size 1024K, 57 young (58368K), 7 survivors (7168K)
 Metaspace       used 31745K, capacity 32251K, committed 32384K, reserved 1077248K
  class space    used 3747K, capacity 3941K, committed 3968K, reserved 1048576K
}
Event: 1.735 GC heap after
{Heap after GC invocations=4 (full 0):
 garbage-first heap   total 262144K, used 28186K [0x0000000700a00000, 0x0000000800000000)
  region size 1024K, 8 young (8192K), 8 survivors (8192K)
 Metaspace       used 31745K, capacity 32251K, committed 32384K, reserved 1077248K
  class space    used 3747K, capacity 3941K, committed 3968K, reserved 1048576K
}
Event: 1.866 GC heap before
{Heap before GC invocations=4 (full 0):
 garbage-first heap   total 262144K, used 49690K [0x0000000700a00000, 0x0000000800000000)
  region size 1024K, 29 young (29696K), 8 survivors (8192K)
 Metaspace       used 31897K, capacity 32388K, committed 32640K, reserved 1077248K
  class space    used 3752K, capacity 3943K, committed 3968K, reserved 1048576K
}
Event: 1.878 GC heap after
{Heap after GC invocations=5 (full 0):
 garbage-first heap   total 262144K, used 29696K [0x0000000700a00000, 0x0000000800000000)
  region size 1024K, 4 young (4096K), 4 survivors (4096K)
 Metaspace       used 31897K, capacity 32388K, committed 32640K, reserved 1077248K
  class space    used 3752K, capacity 3943K, committed 3968K, reserved 1048576K
}
Event: 2.262 GC heap before
{Heap before GC invocations=5 (full 0):
 garbage-first heap   total 262144K, used 53248K [0x0000000700a00000, 0x0000000800000000)
  region size 1024K, 28 young (28672K), 4 survivors (4096K)
 Metaspace       used 35166K, capacity 35708K, committed 35840K, reserved 1081344K
  class space    used 4244K, capacity 4466K, committed 4480K, reserved 1048576K
}
Event: 2.269 GC heap after
{Heap after GC invocations=6 (full 0):
 garbage-first heap   total 315392K, used 31307K [0x0000000700a00000, 0x0000000800000000)
  region size 1024K, 7 young (7168K), 7 survivors (7168K)
 Metaspace       used 35166K, capacity 35708K, committed 35840K, reserved 1081344K
  class space    used 4244K, capacity 4466K, committed 4480K, reserved 1048576K
}
Event: 3.206 GC heap before
{Heap before GC invocations=7 (full 0):
 garbage-first heap   total 315392K, used 102987K [0x0000000700a00000, 0x0000000800000000)
  region size 1024K, 70 young (71680K), 7 survivors (7168K)
 Metaspace       used 47327K, capacity 47944K, committed 48128K, reserved 1091584K
  class space    used 5524K, capacity 5765K, committed 5888K, reserved 1048576K
}
Event: 3.216 GC heap after
{Heap after GC invocations=8 (full 0):
 garbage-first heap   total 315392K, used 46552K [0x0000000700a00000, 0x0000000800000000)
  region size 1024K, 9 young (9216K), 9 survivors (9216K)
 Metaspace       used 47327K, capacity 47944K, committed 48128K, reserved 1091584K
  class space    used 5524K, capacity 5765K, committed 5888K, reserved 1048576K
}
Event: 5.057 GC heap before
{Heap before GC invocations=8 (full 0):
 garbage-first heap   total 315392K, used 168408K [0x0000000700a00000, 0x0000000800000000)
  region size 1024K, 128 young (131072K), 9 survivors (9216K)
 Metaspace       used 59270K, capacity 60052K, committed 60160K, reserved 1101824K
  class space    used 6751K, capacity 7080K, committed 7168K, reserved 1048576K
}
Event: 5.097 GC heap after
{Heap after GC invocations=9 (full 0):
 garbage-first heap   total 315392K, used 58134K [0x0000000700a00000, 0x0000000800000000)
  region size 1024K, 17 young (17408K), 17 survivors (17408K)
 Metaspace       used 59270K, capacity 60052K, committed 60160K, reserved 1101824K
  class space    used 6751K, capacity 7080K, committed 7168K, reserved 1048576K
}
Event: 9.104 GC heap before
{Heap before GC invocations=10 (full 0):
 garbage-first heap   total 315392K, used 193302K [0x0000000700a00000, 0x0000000800000000)
  region size 1024K, 148 young (151552K), 17 survivors (17408K)
 Metaspace       used 65864K, capacity 66703K, committed 66944K, reserved 1107968K
  class space    used 7174K, capacity 7507K, committed 7552K, reserved 1048576K
}
Event: 9.128 GC heap after
{Heap after GC invocations=11 (full 0):
 garbage-first heap   total 315392K, used 72893K [0x0000000700a00000, 0x0000000800000000)
  region size 1024K, 14 young (14336K), 14 survivors (14336K)
 Metaspace       used 65864K, capacity 66703K, committed 66944K, reserved 1107968K
  class space    used 7174K, capacity 7507K, committed 7552K, reserved 1048576K
}
Event: 11.873 GC heap before
{Heap before GC invocations=11 (full 0):
 garbage-first heap   total 315392K, used 212157K [0x0000000700a00000, 0x0000000800000000)
  region size 1024K, 148 young (151552K), 14 survivors (14336K)
 Metaspace       used 82426K, capacity 83386K, committed 83712K, reserved 1124352K
  class space    used 8760K, capacity 9119K, committed 9216K, reserved 1048576K
}

