# JRE version: OpenJDK Runtime Environment Microsoft-7208460 (11.0.18+10) (build 11.0.18+10-LTS)
# Java VM: OpenJDK 64-Bit Server VM Microsoft-7208460 (11.0.18+10-LTS, mixed mode, tiered, compressed oops, g1 gc, windows-amd64)
Heap:
 garbage-first heap   total 467968K, used 57622K [0x0000000700a00000, 0x0000000800000000)
  region size 1024K, 16 young (16384K), 16 survivors (16384K)
 Metaspace       used 58443K, capacity 59251K, committed 59520K, reserved 1101824K
  class space    used 6632K, capacity 6941K, committed 7040K, reserved 1048576K
GC Heap History (13 events):
Event: 2.015 GC heap before
{Heap before GC invocations=0 (full 0):
 garbage-first heap   total 262144K, used 28672K [0x0000000700a00000, 0x0000000800000000)
  region size 1024K, 24 young (24576K), 0 survivors (0K)
 Metaspace       used 12197K, capacity 12286K, committed 12416K, reserved 1060864K
  class space    used 1081K, capacity 1113K, committed 1152K, reserved 1048576K
}
Event: 2.288 GC heap after
{Heap after GC invocations=1 (full 0):
 garbage-first heap   total 262144K, used 7385K [0x0000000700a00000, 0x0000000800000000)
  region size 1024K, 3 young (3072K), 3 survivors (3072K)
 Metaspace       used 12197K, capacity 12286K, committed 12416K, reserved 1060864K
  class space    used 1081K, capacity 1113K, committed 1152K, reserved 1048576K
}
Event: 3.246 GC heap before
{Heap before GC invocations=1 (full 0):
 garbage-first heap   total 262144K, used 45273K [0x0000000700a00000, 0x0000000800000000)
  region size 1024K, 41 young (41984K), 3 survivors (3072K)
 Metaspace       used 20934K, capacity 21181K, committed 21248K, reserved 1069056K
  class space    used 2198K, capacity 2295K, committed 2304K, reserved 1048576K
}
Event: 3.256 GC heap after
{Heap after GC invocations=2 (full 0):
 garbage-first heap   total 262144K, used 11121K [0x0000000700a00000, 0x0000000800000000)
  region size 1024K, 7 young (7168K), 7 survivors (7168K)
 Metaspace       used 20934K, capacity 21181K, committed 21248K, reserved 1069056K
  class space    used 2198K, capacity 2295K, committed 2304K, reserved 1048576K
}
Event: 3.981 GC heap before
{Heap before GC invocations=3 (full 0):
 garbage-first heap   total 262144K, used 72561K [0x0000000700a00000, 0x0000000800000000)
  region size 1024K, 58 young (59392K), 7 survivors (7168K)
 Metaspace       used 31756K, capacity 32251K, committed 32384K, reserved 1077248K
  class space    used 3747K, capacity 3941K, committed 3968K, reserved 1048576K
}
Event: 3.993 GC heap after
{Heap after GC invocations=4 (full 0):
 garbage-first heap   total 262144K, used 28384K [0x0000000700a00000, 0x0000000800000000)
  region size 1024K, 8 young (8192K), 8 survivors (8192K)
 Metaspace       used 31756K, capacity 32251K, committed 32384K, reserved 1077248K
  class space    used 3747K, capacity 3941K, committed 3968K, reserved 1048576K
}
Event: 4.141 GC heap before
{Heap before GC invocations=4 (full 0):
 garbage-first heap   total 262144K, used 49888K [0x0000000700a00000, 0x0000000800000000)
  region size 1024K, 28 young (28672K), 8 survivors (8192K)
 Metaspace       used 31912K, capacity 32388K, committed 32640K, reserved 1077248K
  class space    used 3753K, capacity 3943K, committed 3968K, reserved 1048576K
}
Event: 4.154 GC heap after
{Heap after GC invocations=5 (full 0):
 garbage-first heap   total 262144K, used 30153K [0x0000000700a00000, 0x0000000800000000)
  region size 1024K, 4 young (4096K), 4 survivors (4096K)
 Metaspace       used 31912K, capacity 32388K, committed 32640K, reserved 1077248K
  class space    used 3753K, capacity 3943K, committed 3968K, reserved 1048576K
}
Event: 4.546 GC heap before
{Heap before GC invocations=5 (full 0):
 garbage-first heap   total 262144K, used 52681K [0x0000000700a00000, 0x0000000800000000)
  region size 1024K, 27 young (27648K), 4 survivors (4096K)
 Metaspace       used 35167K, capacity 35692K, committed 35840K, reserved 1081344K
  class space    used 4243K, capacity 4463K, committed 4480K, reserved 1048576K
}
Event: 4.552 GC heap after
{Heap after GC invocations=6 (full 0):
 garbage-first heap   total 262144K, used 31323K [0x0000000700a00000, 0x0000000800000000)
  region size 1024K, 7 young (7168K), 7 survivors (7168K)
 Metaspace       used 35167K, capacity 35692K, committed 35840K, reserved 1081344K
  class space    used 4243K, capacity 4463K, committed 4480K, reserved 1048576K
}
Event: 5.548 GC heap before
{Heap before GC invocations=7 (full 0):
 garbage-first heap   total 262144K, used 101979K [0x0000000700a00000, 0x0000000800000000)
  region size 1024K, 70 young (71680K), 7 survivors (7168K)
 Metaspace       used 47125K, capacity 47718K, committed 48000K, reserved 1091584K
  class space    used 5509K, capacity 5733K, committed 5760K, reserved 1048576K
}
Event: 5.558 GC heap after
{Heap after GC invocations=8 (full 0):
 garbage-first heap   total 262144K, used 46618K [0x0000000700a00000, 0x0000000800000000)
  region size 1024K, 9 young (9216K), 9 survivors (9216K)
 Metaspace       used 47125K, capacity 47718K, committed 48000K, reserved 1091584K
  class space    used 5509K, capacity 5733K, committed 5760K, reserved 1048576K
}
Event: 7.300 GC heap before
{Heap before GC invocations=8 (full 0):
 garbage-first heap   total 262144K, used 165402K [0x0000000700a00000, 0x0000000800000000)
  region size 1024K, 124 young (126976K), 9 survivors (9216K)
 Metaspace       used 58443K, capacity 59251K, committed 59520K, reserved 1101824K
  class space    used 6632K, capacity 6941K, committed 7040K, reserved 1048576K
}

