# JRE version: OpenJDK Runtime Environment Microsoft-7208460 (11.0.18+10) (build 11.0.18+10-LTS)
# Java VM: OpenJDK 64-Bit Server VM Microsoft-7208460 (11.0.18+10-LTS, mixed mode, tiered, compressed oops, g1 gc, windows-amd64)
Heap:
 garbage-first heap   total 262144K, used 177365K [0x0000000080000000, 0x0000000100000000)
  region size 1024K, 138 young (141312K), 16 survivors (16384K)
 Metaspace       used 79047K, capacity 81432K, committed 81672K, reserved 587776K
  class space    used 10183K, capacity 11141K, committed 11264K, reserved 516096K
GC Heap History (16 events):
Event: 1.080 GC heap before
{Heap before GC invocations=0 (full 0):
 garbage-first heap   total 262144K, used 27648K [0x0000000080000000, 0x0000000100000000)
  region size 1024K, 24 young (24576K), 0 survivors (0K)
 Metaspace       used 9798K, capacity 10016K, committed 10112K, reserved 526336K
  class space    used 999K, capacity 1069K, committed 1152K, reserved 516096K
}
Event: 1.101 GC heap after
{Heap after GC invocations=1 (full 0):
 garbage-first heap   total 262144K, used 10463K [0x0000000080000000, 0x0000000100000000)
  region size 1024K, 3 young (3072K), 3 survivors (3072K)
 Metaspace       used 9798K, capacity 10016K, committed 10112K, reserved 526336K
  class space    used 999K, capacity 1069K, committed 1152K, reserved 516096K
}
Event: 3.505 GC heap before
{Heap before GC invocations=1 (full 0):
 garbage-first heap   total 262144K, used 102623K [0x0000000080000000, 0x0000000100000000)
  region size 1024K, 94 young (96256K), 3 survivors (3072K)
 Metaspace       used 20798K, capacity 21188K, committed 21296K, reserved 536576K
  class space    used 2485K, capacity 2652K, committed 2688K, reserved 516096K
}
Event: 3.518 GC heap after
{Heap after GC invocations=2 (full 0):
 garbage-first heap   total 262144K, used 18282K [0x0000000080000000, 0x0000000100000000)
  region size 1024K, 11 young (11264K), 11 survivors (11264K)
 Metaspace       used 20798K, capacity 21188K, committed 21296K, reserved 536576K
  class space    used 2485K, capacity 2652K, committed 2688K, reserved 516096K
}
Event: 4.487 GC heap before
{Heap before GC invocations=3 (full 0):
 garbage-first heap   total 262144K, used 77674K [0x0000000080000000, 0x0000000100000000)
  region size 1024K, 69 young (70656K), 11 survivors (11264K)
 Metaspace       used 26463K, capacity 27136K, committed 27440K, reserved 540672K
  class space    used 3401K, capacity 3659K, committed 3712K, reserved 516096K
}
Event: 4.495 GC heap after
{Heap after GC invocations=4 (full 0):
 garbage-first heap   total 262144K, used 20706K [0x0000000080000000, 0x0000000100000000)
  region size 1024K, 3 young (3072K), 3 survivors (3072K)
 Metaspace       used 26463K, capacity 27136K, committed 27440K, reserved 540672K
  class space    used 3401K, capacity 3659K, committed 3712K, reserved 516096K
}
Event: 5.727 GC heap before
{Heap before GC invocations=4 (full 0):
 garbage-first heap   total 262144K, used 89314K [0x0000000080000000, 0x0000000100000000)
  region size 1024K, 71 young (72704K), 3 survivors (3072K)
 Metaspace       used 34975K, capacity 35810K, committed 35920K, reserved 548864K
  class space    used 4472K, capacity 4812K, committed 4864K, reserved 516096K
}
Event: 5.740 GC heap after
{Heap after GC invocations=5 (full 0):
 garbage-first heap   total 262144K, used 23762K [0x0000000080000000, 0x0000000100000000)
  region size 1024K, 6 young (6144K), 6 survivors (6144K)
 Metaspace       used 34975K, capacity 35810K, committed 35920K, reserved 548864K
  class space    used 4472K, capacity 4812K, committed 4864K, reserved 516096K
}
Event: 16.122 GC heap before
{Heap before GC invocations=6 (full 0):
 garbage-first heap   total 262144K, used 135378K [0x0000000080000000, 0x0000000100000000)
  region size 1024K, 113 young (115712K), 6 survivors (6144K)
 Metaspace       used 43230K, capacity 44469K, committed 44752K, reserved 555008K
  class space    used 5464K, capacity 5957K, committed 6016K, reserved 516096K
}
Event: 16.133 GC heap after
{Heap after GC invocations=7 (full 0):
 garbage-first heap   total 262144K, used 31841K [0x0000000080000000, 0x0000000100000000)
  region size 1024K, 14 young (14336K), 14 survivors (14336K)
 Metaspace       used 43230K, capacity 44469K, committed 44752K, reserved 555008K
  class space    used 5464K, capacity 5957K, committed 6016K, reserved 516096K
}
Event: 17.566 GC heap before
{Heap before GC invocations=7 (full 0):
 garbage-first heap   total 262144K, used 168033K [0x0000000080000000, 0x0000000100000000)
  region size 1024K, 140 young (143360K), 14 survivors (14336K)
 Metaspace       used 54477K, capacity 56113K, committed 56144K, reserved 565248K
  class space    used 6984K, capacity 7664K, committed 7680K, reserved 516096K
}
Event: 17.580 GC heap after
{Heap after GC invocations=8 (full 0):
 garbage-first heap   total 262144K, used 44028K [0x0000000080000000, 0x0000000100000000)
  region size 1024K, 15 young (15360K), 15 survivors (15360K)
 Metaspace       used 54477K, capacity 56113K, committed 56144K, reserved 565248K
  class space    used 6984K, capacity 7664K, committed 7680K, reserved 516096K
}
Event: 18.119 GC heap before
{Heap before GC invocations=8 (full 0):
 garbage-first heap   total 262144K, used 91132K [0x0000000080000000, 0x0000000100000000)
  region size 1024K, 62 young (63488K), 15 survivors (15360K)
 Metaspace       used 58433K, capacity 60124K, committed 60296K, reserved 569344K
  class space    used 7563K, capacity 8256K, committed 8320K, reserved 516096K
}
Event: 18.134 GC heap after
{Heap after GC invocations=9 (full 0):
 garbage-first heap   total 262144K, used 46080K [0x0000000080000000, 0x0000000100000000)
  region size 1024K, 9 young (9216K), 9 survivors (9216K)
 Metaspace       used 58433K, capacity 60124K, committed 60296K, reserved 569344K
  class space    used 7563K, capacity 8256K, committed 8320K, reserved 516096K
}
Event: 19.646 GC heap before
{Heap before GC invocations=10 (full 0):
 garbage-first heap   total 262144K, used 193536K [0x0000000080000000, 0x0000000100000000)
  region size 1024K, 153 young (156672K), 9 survivors (9216K)
 Metaspace       used 68578K, capacity 70585K, committed 70792K, reserved 577536K
  class space    used 8919K, capacity 9782K, committed 9856K, reserved 516096K
}
Event: 19.660 GC heap after
{Heap after GC invocations=11 (full 0):
 garbage-first heap   total 262144K, used 52437K [0x0000000080000000, 0x0000000100000000)
  region size 1024K, 16 young (16384K), 16 survivors (16384K)
 Metaspace       used 68578K, capacity 70585K, committed 70792K, reserved 577536K
  class space    used 8919K, capacity 9782K, committed 9856K, reserved 516096K
}

